0 info it worked if it ends with ok
1 verbose cli [ '/home/kaze13/Develop/Application/node-v0.10.28/bin/node',
1 verbose cli   '/home/kaze13/Develop/Application/node-v0.10.28/bin/npm',
1 verbose cli   'install',
1 verbose cli   'xml2js' ]
2 info using npm@1.4.9
3 info using node@v0.10.28
4 error Error: Invalid version: "0.1"
4 error     at Object.module.exports.fixVersionField (/home/kaze13/Develop/Application/node-v0.10.28/lib/node_modules/npm/node_modules/read-package-json/node_modules/normalize-package-data/lib/fixer.js:183:13)
4 error     at /home/kaze13/Develop/Application/node-v0.10.28/lib/node_modules/npm/node_modules/read-package-json/node_modules/normalize-package-data/lib/normalize.js:30:38
4 error     at Array.forEach (native)
4 error     at normalize (/home/kaze13/Develop/Application/node-v0.10.28/lib/node_modules/npm/node_modules/read-package-json/node_modules/normalize-package-data/lib/normalize.js:29:15)
4 error     at final (/home/kaze13/Develop/Application/node-v0.10.28/lib/node_modules/npm/node_modules/read-package-json/read-json.js:342:33)
4 error     at then (/home/kaze13/Develop/Application/node-v0.10.28/lib/node_modules/npm/node_modules/read-package-json/read-json.js:126:33)
4 error     at /home/kaze13/Develop/Application/node-v0.10.28/lib/node_modules/npm/node_modules/read-package-json/read-json.js:331:40
4 error     at fs.js:266:14
4 error     at /home/kaze13/Develop/Application/node-v0.10.28/lib/node_modules/npm/node_modules/graceful-fs/graceful-fs.js:105:5
4 error     at Object.oncomplete (fs.js:107:15)
5 error If you need help, you may report this *entire* log,
5 error including the npm and node versions, at:
5 error     <http://github.com/npm/npm/issues>
6 error System Linux 3.11.0-12-generic
7 error command "/home/kaze13/Develop/Application/node-v0.10.28/bin/node" "/home/kaze13/Develop/Application/node-v0.10.28/bin/npm" "install" "xml2js"
8 error cwd /home/kaze13/Develop/dash
9 error node -v v0.10.28
10 error npm -v 1.4.9
11 verbose exit [ 1, true ]
